\BOOKMARK [0][-]{chapter.1}{\376\377\000R\000e\000q\000u\000i\000r\000e\000m\000e\000n\000t}{}% 1
\BOOKMARK [1][-]{section.1.1}{\376\377\000G\000a\000m\000e\000\040\000m\000o\000d\000e\000s}{chapter.1}% 2
\BOOKMARK [1][-]{section.1.2}{\376\377\000U\000s\000e\000r\000\040\000I\000n\000t\000e\000r\000f\000a\000c\000e\000\050\000U\000I\000\051}{chapter.1}% 3
\BOOKMARK [1][-]{section.1.3}{\376\377\000C\000h\000e\000s\000s\000\040\000b\000o\000a\000r\000d\000\040\000r\000e\000p\000r\000e\000s\000e\000n\000t\000a\000t\000i\000o\000n}{chapter.1}% 4
\BOOKMARK [1][-]{section.1.4}{\376\377\000G\000a\000m\000e\000\040\000L\000o\000g\000i\000c}{chapter.1}% 5
\BOOKMARK [1][-]{section.1.5}{\376\377\000A\000I\000\040\000O\000p\000p\000o\000n\000e\000n\000t}{chapter.1}% 6
\BOOKMARK [1][-]{section.1.6}{\376\377\000G\000a\000m\000e\000\040\000s\000t\000a\000t\000e\000\040\000m\000a\000n\000a\000g\000e\000m\000e\000n\000t}{chapter.1}% 7
\BOOKMARK [1][-]{section.1.7}{\376\377\000S\000a\000v\000e\000\040\000a\000n\000d\000\040\000L\000o\000a\000d\000\040\000F\000u\000n\000c\000t\000i\000o\000n\000a\000l\000i\000t\000y}{chapter.1}% 8
\BOOKMARK [2][-]{subsection.1.7.1}{\376\377\000S\000a\000v\000e}{section.1.7}% 9
\BOOKMARK [2][-]{subsection.1.7.2}{\376\377\000L\000o\000a\000d}{section.1.7}% 10
\BOOKMARK [1][-]{section.1.8}{\376\377\000O\000p\000t\000i\000o\000n\000a\000l\000\040\000f\000e\000a\000t\000u\000r\000e\000s}{chapter.1}% 11
\BOOKMARK [1][-]{section.1.9}{\376\377\000T\000e\000c\000h\000n\000o\000l\000o\000g\000y\000\040\000s\000t\000a\000c\000k}{chapter.1}% 12
\BOOKMARK [0][-]{chapter.2}{\376\377\000D\000e\000s\000i\000g\000n\000\040\000d\000o\000c\000u\000m\000e\000n\000t}{}% 13
\BOOKMARK [1][-]{section.2.1}{\376\377\000S\000y\000s\000t\000e\000m\000\040\000r\000e\000q\000u\000i\000r\000e\000m\000e\000n\000t\000\040\000a\000n\000d\000\040\000b\000u\000i\000l\000d}{chapter.2}% 14
\BOOKMARK [1][-]{section.2.2}{\376\377\000I\000n\000t\000e\000r\000r\000a\000c\000t\000i\000o\000n\000\040\000i\000f\000\040\000s\000i\000n\000g\000l\000e\000\040\000p\000l\000a\000y\000e\000r\000\040\000m\000o\000d\000e}{chapter.2}% 15
\BOOKMARK [0][-]{chapter.3}{\376\377\000I\000m\000p\000l\000e\000m\000e\000n\000t\000a\000t\000i\000o\000n\000\040\000D\000e\000t\000a\000i\000l\000s}{}% 16
\BOOKMARK [1][-]{section.3.1}{\376\377\000O\000r\000g\000a\000n\000i\000z\000a\000t\000i\000o\000n}{chapter.3}% 17
\BOOKMARK [1][-]{section.3.2}{\376\377\000L\000i\000b\000r\000a\000r\000i\000e\000s}{chapter.3}% 18
\BOOKMARK [1][-]{section.3.3}{\376\377\000M\000a\000j\000o\000r\000\040\000c\000o\000m\000p\000o\000n\000e\000n\000t}{chapter.3}% 19
\BOOKMARK [0][-]{chapter.4}{\376\377\000T\000e\000s\000t\000i\000n\000g}{}% 20
\BOOKMARK [0][-]{chapter.5}{\376\377\000F\000u\000t\000u\000r\000e\000\040\000I\000m\000p\000r\000o\000v\000e\000m\000e\000n\000t\000s}{}% 21
