0 Q 0 0 0 0 0 0
0 0 0 0 0 0 0 0
R 0 0 0 0 0 k 0
0 0 0 0 0 0 p 0
0 0 p 0 0 0 0 0
0 0 P 0 K 0 0 0
0 0 0 0 0 0 0 0
0 0 0 0 0 0 0 0

written to stockfish: 
uci 
written to stockfish: 
setoption name Hash value 128
written to stockfish: 
setoption name Threads value 1
written to stockfish: 
isready
written to stockfish: 
ucinewgame
written to stockfish: 
isready
written to stockfish: 
position fen 1Q6/8/R5k1/6p1/2p5/2P1K3/8/8 b - - 3 53 
written to stockfish: 
go depth 5 movetime 500
g6g7
Moved k from 6 2 to 6 1
7 3
7 1
6 1
5 1
5 3
Done checking out of bound
Done checking violation of moving rules
done checking King's safety
Done updating current piece
after: 
0 Q 0 0 0 0 0 0
0 0 0 0 0 0 k 0
R 0 0 0 0 0 0 0
0 0 0 0 0 0 p 0
0 0 p 0 0 0 0 0
0 0 P 0 K 0 0 0
0 0 0 0 0 0 0 0
0 0 0 0 0 0 0 0

written to stockfish: 
position fen 1Q6/6k1/R7/6p1/2p5/2P1K3/8/8 w - - 4 54 
written to stockfish: 
go depth 5 movetime 500
a6a7
Moved R from 0 2 to 0 1
0 3
0 4
0 5
0 6
0 7
1 2
2 2
3 2
4 2
5 2
6 2
7 2
0 1
0 0
Done checking out of bound
Done checking violation of moving rules
done checking King's safety
Done updating current piece
after: 
0 Q 0 0 0 0 0 0
R 0 0 0 0 0 k 0
0 0 0 0 0 0 0 0
0 0 0 0 0 0 p 0
0 0 p 0 0 0 0 0
0 0 P 0 K 0 0 0
0 0 0 0 0 0 0 0
0 0 0 0 0 0 0 0

written to stockfish: 
position fen 1Q6/R5k1/8/6p1/2p5/2P1K3/8/8 b - - 5 54 
written to stockfish: 
go depth 5 movetime 500
g7h6
Moved k from 6 1 to 7 2
6 2
7 2
5 2
Done checking out of bound
Done checking violation of moving rules
done checking King's safety
Done updating current piece
after: 
0 Q 0 0 0 0 0 0
R 0 0 0 0 0 0 0
0 0 0 0 0 0 0 k
0 0 0 0 0 0 p 0
0 0 p 0 0 0 0 0
0 0 P 0 K 0 0 0
0 0 0 0 0 0 0 0
0 0 0 0 0 0 0 0

written to stockfish: 
position fen 1Q6/R7/7k/6p1/2p5/2P1K3/8/8 w - - 6 55 
written to stockfish: 
go depth 5 movetime 500
b8h8
Moved Q from 1 0 to 7 0
1 1
1 2
1 3
1 4
1 5
1 6
1 7
2 1
3 2
4 3
5 4
6 5
7 6
2 0
3 0
4 0
5 0
6 0
7 0
0 0
Done checking out of bound
Done checking violation of moving rules
done checking King's safety
Done updating current piece
after: 
0 0 0 0 0 0 0 Q
R 0 0 0 0 0 0 0
0 0 0 0 0 0 0 k
0 0 0 0 0 0 p 0
0 0 p 0 0 0 0 0
0 0 P 0 K 0 0 0
0 0 0 0 0 0 0 0
0 0 0 0 0 0 0 0

written to stockfish: 
position fen 7Q/R7/7k/6p1/2p5/2P1K3/8/8 b - - 7 55 
written to stockfish: 
go depth 5 movetime 500
h6g6
Moved k from 7 2 to 6 2
6 2
Done checking out of bound
Done checking violation of moving rules
done checking King's safety
Done updating current piece
after: 
0 0 0 0 0 0 0 Q
R 0 0 0 0 0 0 0
0 0 0 0 0 0 k 0
0 0 0 0 0 0 p 0
0 0 p 0 0 0 0 0
0 0 P 0 K 0 0 0
0 0 0 0 0 0 0 0
0 0 0 0 0 0 0 0

written to stockfish: 
position fen 7Q/R7/6k1/6p1/2p5/2P1K3/8/8 w - - 8 56 
written to stockfish: 
go depth 5 movetime 500
a7a6
Moved R from 0 1 to 0 2
0 2
0 3
0 4
0 5
0 6
0 7
1 1
2 1
3 1
4 1
5 1
6 1
7 1
0 0
Done checking out of bound
Done checking violation of moving rules
done checking King's safety
Done updating current piece
after: 
0 0 0 0 0 0 0 Q
0 0 0 0 0 0 0 0
R 0 0 0 0 0 k 0
0 0 0 0 0 0 p 0
0 0 p 0 0 0 0 0
0 0 P 0 K 0 0 0
0 0 0 0 0 0 0 0
0 0 0 0 0 0 0 0

written to stockfish: 
position fen 7Q/8/R5k1/6p1/2p5/2P1K3/8/8 b - - 9 56 
written to stockfish: 
go depth 5 movetime 500
g6f7
Moved k from 6 2 to 5 1
5 1
5 3
Done checking out of bound
Done checking violation of moving rules
done checking King's safety
Done updating current piece
after: 
0 0 0 0 0 0 0 Q
0 0 0 0 0 k 0 0
R 0 0 0 0 0 0 0
0 0 0 0 0 0 p 0
0 0 p 0 0 0 0 0
0 0 P 0 K 0 0 0
0 0 0 0 0 0 0 0
0 0 0 0 0 0 0 0

written to stockfish: 
position fen 7Q/5k2/R7/6p1/2p5/2P1K3/8/8 w - - 10 57 
written to stockfish: 
go depth 5 movetime 500
a6a7
Moved R from 0 2 to 0 1
0 3
0 4
0 5
0 6
0 7
1 2
2 2
3 2
4 2
5 2
6 2
7 2
0 1
0 0
Done checking out of bound
Done checking violation of moving rules
done checking King's safety
Done updating current piece
after: 
0 0 0 0 0 0 0 Q
R 0 0 0 0 k 0 0
0 0 0 0 0 0 0 0
0 0 0 0 0 0 p 0
0 0 p 0 0 0 0 0
0 0 P 0 K 0 0 0
0 0 0 0 0 0 0 0
0 0 0 0 0 0 0 0

written to stockfish: 
position fen 7Q/R4k2/8/6p1/2p5/2P1K3/8/8 b - - 11 57 
written to stockfish: 
go depth 5 movetime 500
f7g6
Moved k from 5 1 to 6 2
6 2
4 2
Done checking out of bound
Done checking violation of moving rules
done checking King's safety
Done updating current piece
after: 
0 0 0 0 0 0 0 Q
R 0 0 0 0 0 0 0
0 0 0 0 0 0 k 0
0 0 0 0 0 0 p 0
0 0 p 0 0 0 0 0
0 0 P 0 K 0 0 0
0 0 0 0 0 0 0 0
0 0 0 0 0 0 0 0

written to stockfish: 
position fen 7Q/R7/6k1/6p1/2p5/2P1K3/8/8 w - - 12 58 
written to stockfish: 
go depth 5 movetime 500
h8h7
Moved Q from 7 0 to 7 1
7 1
7 2
7 3
7 4
7 5
7 6
7 7
6 0
5 0
4 0
3 0
2 0
1 0
0 0
6 1
5 2
4 3
3 4
Done checking out of bound
Done checking violation of moving rules
done checking King's safety
Done updating current piece
after: 
0 0 0 0 0 0 0 0
R 0 0 0 0 0 0 Q
0 0 0 0 0 0 k 0
0 0 0 0 0 0 p 0
0 0 p 0 0 0 0 0
0 0 P 0 K 0 0 0
0 0 0 0 0 0 0 0
0 0 0 0 0 0 0 0

written to stockfish: 
position fen 8/R6Q/6k1/6p1/2p5/2P1K3/8/8 b - - 13 58 
written to stockfish: 
go depth 5 movetime 500
g6f6
Moved k from 6 2 to 5 2
5 2
Done checking out of bound
Done checking violation of moving rules
done checking King's safety
Done updating current piece
after: 
0 0 0 0 0 0 0 0
R 0 0 0 0 0 0 Q
0 0 0 0 0 k 0 0
0 0 0 0 0 0 p 0
0 0 p 0 0 0 0 0
0 0 P 0 K 0 0 0
0 0 0 0 0 0 0 0
0 0 0 0 0 0 0 0

written to stockfish: 
position fen 8/R6Q/5k2/6p1/2p5/2P1K3/8/8 w - - 14 59 
written to stockfish: 
go depth 5 movetime 500
h7g7
Moved Q from 7 1 to 6 1
7 2
7 3
7 4
7 5
7 6
7 7
7 0
6 0
6 1
5 1
4 1
3 1
2 1
1 1
6 2
5 3
4 4
3 5
2 6
1 7
Done checking out of bound
Done checking violation of moving rules
done checking King's safety
Done updating current piece
after: 
0 0 0 0 0 0 0 0
R 0 0 0 0 0 Q 0
0 0 0 0 0 k 0 0
0 0 0 0 0 0 p 0
0 0 p 0 0 0 0 0
0 0 P 0 K 0 0 0
0 0 0 0 0 0 0 0
0 0 0 0 0 0 0 0

written to stockfish: 
position fen 8/R5Q1/5k2/6p1/2p5/2P1K3/8/8 b - - 15 59 
written to stockfish: 
go depth 5 movetime 500
f6f5
Moved k from 5 2 to 5 3
5 3
4 2
Done checking out of bound
Done checking violation of moving rules
done checking King's safety
Done updating current piece
after: 
0 0 0 0 0 0 0 0
R 0 0 0 0 0 Q 0
0 0 0 0 0 0 0 0
0 0 0 0 0 k p 0
0 0 p 0 0 0 0 0
0 0 P 0 K 0 0 0
0 0 0 0 0 0 0 0
0 0 0 0 0 0 0 0

written to stockfish: 
position fen 8/R5Q1/8/5kp1/2p5/2P1K3/8/8 w - - 16 60 
written to stockfish: 
go depth 5 movetime 500
g7d7
Moved Q from 6 1 to 3 1
6 2
7 2
7 1
7 0
6 0
5 0
5 1
4 1
3 1
2 1
1 1
5 2
4 3
3 4
6 3
Done checking out of bound
Done checking violation of moving rules
done checking King's safety
Done updating current piece
after: 
0 0 0 0 0 0 0 0
R 0 0 Q 0 0 0 0
0 0 0 0 0 0 0 0
0 0 0 0 0 k p 0
0 0 p 0 0 0 0 0
0 0 P 0 K 0 0 0
0 0 0 0 0 0 0 0
0 0 0 0 0 0 0 0

written to stockfish: 
position fen 8/R2Q4/8/5kp1/2p5/2P1K3/8/8 b - - 17 60 
written to stockfish: 
go depth 5 movetime 500
f5g6
Moved k from 5 3 to 6 2
6 2
5 2
4 3
Done checking out of bound
Done checking violation of moving rules
done checking King's safety
Done updating current piece
after: 
0 0 0 0 0 0 0 0
R 0 0 Q 0 0 0 0
0 0 0 0 0 0 k 0
0 0 0 0 0 0 p 0
0 0 p 0 0 0 0 0
0 0 P 0 K 0 0 0
0 0 0 0 0 0 0 0
0 0 0 0 0 0 0 0

written to stockfish: 
position fen 8/R2Q4/6k1/6p1/2p5/2P1K3/8/8 w - - 18 61 
written to stockfish: 
go depth 5 movetime 500
d7f7
Moved Q from 3 1 to 5 1
3 2
3 3
3 4
3 5
3 6
3 7
4 2
5 3
6 4
7 5
4 1
5 1
6 1
7 1
4 0
3 0
2 0
2 1
1 1
2 2
1 3
0 4
Done checking out of bound
Done checking violation of moving rules
done checking King's safety
Done updating current piece
after: 
0 0 0 0 0 0 0 0
R 0 0 0 0 Q 0 0
0 0 0 0 0 0 k 0
0 0 0 0 0 0 p 0
0 0 p 0 0 0 0 0
0 0 P 0 K 0 0 0
0 0 0 0 0 0 0 0
0 0 0 0 0 0 0 0

written to stockfish: 
position fen 8/R4Q2/6k1/6p1/2p5/2P1K3/8/8 b - - 19 61 
written to stockfish: 
go depth 5 movetime 500
g6h6
Moved k from 6 2 to 7 2
7 2
Done checking out of bound
Done checking violation of moving rules
done checking King's safety
Done updating current piece
after: 
0 0 0 0 0 0 0 0
R 0 0 0 0 Q 0 0
0 0 0 0 0 0 0 k
0 0 0 0 0 0 p 0
0 0 p 0 0 0 0 0
0 0 P 0 K 0 0 0
0 0 0 0 0 0 0 0
0 0 0 0 0 0 0 0

written to stockfish: 
position fen 8/R4Q2/7k/6p1/2p5/2P1K3/8/8 w - - 20 62 
written to stockfish: 
go depth 5 movetime 500
f7h7
Moved Q from 5 1 to 7 1
5 2
5 3
5 4
5 5
5 6
5 7
6 2
7 3
6 1
7 1
6 0
5 0
4 0
4 1
3 1
2 1
1 1
4 2
3 3
2 4
Done checking out of bound
Done checking violation of moving rules
done checking King's safety
Done updating current piece
after: 
0 0 0 0 0 0 0 0
R 0 0 0 0 0 0 Q
0 0 0 0 0 0 0 k
0 0 0 0 0 0 p 0
0 0 p 0 0 0 0 0
0 0 P 0 K 0 0 0
0 0 0 0 0 0 0 0
0 0 0 0 0 0 0 0

written to stockfish: 
position fen 8/R6Q/7k/6p1/2p5/2P1K3/8/8 b - - 21 62 
written to stockfish: 
go depth 5 movetime 500
(none)
End game
0 0 0 0 0 0 0 0
R 0 0 0 0 0 0 Q
0 0 0 0 0 0 0 k
0 0 0 0 0 0 p 0
0 0 p 0 0 0 0 0
0 0 P 0 K 0 0 0
0 0 0 0 0 0 0 0
0 0 0 0 0 0 0 0

